#
# A fatal error has been detected by the Java Runtime Environment:
#
#  SIGBUS (0xa) at pc=0x00000007c0000ea8, pid=2488, tid=0x0000000000002203
#
# JRE version: Java(TM) SE Runtime Environment (8.0_122-b04) (build 1.8.0_122-ea-b04)
# Java VM: Java HotSpot(TM) 64-Bit Server VM (25.122-b04 mixed mode bsd-amd64 compressed oops)
# Problematic frame:
# C  0x00000007c0000ea8
#
# Failed to write core dump. Core dumps have been disabled. To enable core dumping, try "ulimit -c unlimited" before starting Java again
#
# If you would like to submit a bug report, please visit:
#   http://bugreport.java.com/bugreport/crash.jsp
#

---------------  T H R E A D  ---------------

Current thread (0x00007fae0f80f000):  GCTaskThread [stack: 0x000070000d0b7000,0x000070000d1b7000] [id=8707]

siginfo: si_signo: 10 (SIGBUS), si_code: 2 (BUS_ADRERR), si_addr: 0x00000007c0000ea8

Registers:
RAX=0x00000007c0000ea8, RBX=0x0000000000000001, RCX=0x0000000000000003, RDX=0x0000000000000001
RSP=0x000070000d1b6d38, RBP=0x000070000d1b6da0, RSI=0x00000007a629afc0, RDI=0x00000007c0011298
R8 =0x00000001022949c0, R9 =0x00000007bc2b9b50, R10=0x00000007bc2c1b50, R11=0x0000000015ffb901
R12=0x000000010228f2b5, R13=0x00000007bc2b9fa5, R14=0x00007fae0f815b80, R15=0x00007fae0f815c18
RIP=0x00000007c0000ea8, EFLAGS=0x0000000000010246, ERR=0x0000000000000015
  TRAPNO=0x000000000000000e

Top of Stack: (sp=0x000070000d1b6d38)
0x000070000d1b6d38:   0000000101e9748d 00000007bc1d104c
0x000070000d1b6d48:   00000007a629afc0 00000007bc2b9b50
0x000070000d1b6d58:   0000000000001000 00007fae0f815b80
0x000070000d1b6d68:   0000000000000005 000000000000000d
0x000070000d1b6d78:   00000007bc2b9fa5 000000010228f2b5
0x000070000d1b6d88:   00000007bc2b9fa5 00000007bc2b9fa4
0x000070000d1b6d98:   00007fae0f815c18 000070000d1b6dc0
0x000070000d1b6da8:   0000000101e979a3 00007fae0f815b80
0x000070000d1b6db8:   00007fae0f815be0 000070000d1b6e20
0x000070000d1b6dc8:   0000000101e96934 000000000000000d
0x000070000d1b6dd8:   01000007bb5b4339 00000007bc2b9fa5
0x000070000d1b6de8:   000070000d1b6e38 00004be200002ac2
0x000070000d1b6df8:   0000000000000002 000070000d1b6e44
0x000070000d1b6e08:   000070000d1b6e38 00007fadffa5bf20
0x000070000d1b6e18:   00007fae0f815b80 000070000d1b6e70
0x000070000d1b6e28:   0000000101e9a5db 0000000000000002
0x000070000d1b6e38:   00000007bb5b4339 5902db010d1b6e70
0x000070000d1b6e48:   00007fae0f80f000 0000000000000000
0x000070000d1b6e58:   0000000101fdd0ea 00007fadffa5bf20
0x000070000d1b6e68:   0000000000000001 000070000d1b6f50
0x000070000d1b6e78:   0000000101c70dfb 000070000d1b6eb0
0x000070000d1b6e88:   00007fae0ec0f520 00007fae0ec0f550
0x000070000d1b6e98:   00007fae0ec0f560 00007fae0ec0f938
0x000070000d1b6ea8:   00000000000003d8 00007fae0f80f000
0x000070000d1b6eb8:   00007fae0ec0f940 00007fae0ec0f980
0x000070000d1b6ec8:   00007fae0ec0f990 00007fae0ec0fa68
0x000070000d1b6ed8:   00000000000000d8 000070000d1b6ef0
0x000070000d1b6ee8:   0000000000000000 00007fae0f80f000
0x000070000d1b6ef8:   00007fae0ec0f940 00007fae0ec0f980
0x000070000d1b6f08:   00007fae0ec0f990 00007fae0ec0fa68
0x000070000d1b6f18:   00000000000000d8 00007fae0ec0fb80
0x000070000d1b6f28:   00007fae0f80f000 0000000000003af7 

Instructions: (pc=0x00000007c0000ea8)
0x00000007c0000e88:   e8 56 4b 06 01 00 00 00 40 58 4b 06 01 00 00 00
0x00000007c0000e98:   40 56 4b 06 01 00 00 00 78 57 4b 06 01 00 00 00
0x00000007c0000ea8:   40 85 27 02 01 00 00 00 10 00 00 00 28 00 00 00
0x00000007c0000eb8:   b0 60 19 01 01 00 00 00 00 00 00 00 00 00 00 00 

Register to memory mapping:

RAX=0x00000007c0000ea8 is pointing into metadata
RBX=0x0000000000000001 is an unknown value
RCX=0x0000000000000003 is an unknown value
RDX=0x0000000000000001 is an unknown value
RSP=0x000070000d1b6d38 is an unknown value
RBP=0x000070000d1b6da0 is an unknown value
RSI=0x00000007a629afc0 is an oop
